<?xml version="1.0" encoding="UTF-8"?>
<!-- Generated by org.testng.reporters.JUnitReportReporter -->
<testsuite skipped="0" hostname="DESKTOP-I2E0FP6" name="appium.mobiletest" tests="1" failures="0" timestamp="2019-09-13T10:44:00 NZST" time="6.287" errors="0">
  <testcase name="takeScreenShot" time="6.287" classname="appium.mobiletest"/>
</testsuite> <!-- appium.mobiletest -->
